<?xml version="1.0" encoding="UTF-8"?>
<!-- Generated by org.testng.reporters.JUnitReportReporter -->
<testsuite hostname="DESKTOP-2T45VRB" failures="0" tests="3" name="utils.ExcelDataProvider" time="13.922" errors="0" timestamp="2021-01-21T21:40:35 IST" skipped="0">
  <testcase classname="utils.ExcelDataProvider" name="Test1" time="3.019"/>
  <system-out/>
  <testcase classname="utils.ExcelDataProvider" name="Test1" time="7.924"/>
  <system-out/>
  <testcase classname="utils.ExcelDataProvider" name="Test1" time="2.979"/>
  <system-out/>
</testsuite> <!-- utils.ExcelDataProvider -->
